c:\users\13343\documents\visual studio 2015\projects\cctv\cctv\debug\vc140.pdb
c:\users\13343\documents\visual studio 2015\projects\cctv\cctv\debug\main.obj
c:\users\13343\documents\visual studio 2015\projects\cctv\cctv\debug\cctv.obj
c:\users\13343\documents\visual studio 2015\projects\cctv\cctv\debug\moc_cctv.obj
c:\users\13343\documents\visual studio 2015\projects\cctv\cctv\debug\qrc_cctv.obj
c:\users\13343\documents\visual studio 2015\projects\cctv\cctv\generatedfiles\ui_cctv.h
c:\users\13343\documents\visual studio 2015\projects\cctv\cctv\generatedfiles\qrc_cctv.cpp
c:\users\13343\documents\visual studio 2015\projects\cctv\cctv\generatedfiles\debug\moc_cctv.cpp
c:\users\13343\documents\visual studio 2015\projects\cctv\win32\debug\cctv.ilk
c:\users\13343\documents\visual studio 2015\projects\cctv\win32\debug\cctv.exe
c:\users\13343\documents\visual studio 2015\projects\cctv\win32\debug\cctv.pdb
c:\users\13343\documents\visual studio 2015\projects\cctv\cctv\debug\cctv.tlog\cl.command.1.tlog
c:\users\13343\documents\visual studio 2015\projects\cctv\cctv\debug\cctv.tlog\cl.read.1.tlog
c:\users\13343\documents\visual studio 2015\projects\cctv\cctv\debug\cctv.tlog\cl.write.1.tlog
c:\users\13343\documents\visual studio 2015\projects\cctv\cctv\debug\cctv.tlog\custombuild.command.1.tlog
c:\users\13343\documents\visual studio 2015\projects\cctv\cctv\debug\cctv.tlog\custombuild.read.1.tlog
c:\users\13343\documents\visual studio 2015\projects\cctv\cctv\debug\cctv.tlog\custombuild.write.1.tlog
c:\users\13343\documents\visual studio 2015\projects\cctv\cctv\debug\cctv.tlog\link.command.1.tlog
c:\users\13343\documents\visual studio 2015\projects\cctv\cctv\debug\cctv.tlog\link.read.1.tlog
c:\users\13343\documents\visual studio 2015\projects\cctv\cctv\debug\cctv.tlog\link.write.1.tlog
